d:\github\vmodels\x64\debug\vmodels.pdb
d:\github\vmodels\x64\debug\vmodels.idb
d:\github\vmodels\x64\debug\voxelarray.obj
d:\github\vmodels\x64\debug\glm.obj
d:\github\vmodels\x64\debug\operations.obj
d:\github\vmodels\x64\debug\model.obj
d:\github\vmodels\x64\debug\mesh.obj
d:\github\vmodels\x64\debug\marchingcubes.obj
d:\github\vmodels\x64\debug\marching.obj
d:\github\vmodels\x64\debug\voxelarray.h.ifc
d:\github\vmodels\x64\debug\voxelarray.h.ifc.d.json
d:\github\vmodels\x64\debug\voxelarray.h.obj
d:\github\vmodels\x64\debug\gridpoint.h.ifc
d:\github\vmodels\x64\debug\gridpoint.h.ifc.d.json
d:\github\vmodels\x64\debug\gridpoint.h.obj
d:\github\vmodels\x64\debug\glm.cppm.ifc
d:\github\vmodels\x64\debug\glm.cppm.ifc.d.json
d:\github\vmodels\x64\debug\glm.cppm.obj
d:\github\vmodels\x64\debug\vmodels.lib
d:\github\vmodels\x64\debug\glm.cppm.module.json
d:\github\vmodels\x64\debug\gridpoint.h.module.json
d:\github\vmodels\x64\debug\voxelarray.h.module.json
d:\github\vmodels\x64\debug\vmodels_test.pdb
d:\github\vmodels\x64\debug\vmodels.tlog\cl.command.1.tlog
d:\github\vmodels\x64\debug\vmodels.tlog\cl.read.1.tlog
d:\github\vmodels\x64\debug\vmodels.tlog\cl.write.1.tlog
d:\github\vmodels\x64\debug\vmodels.tlog\lib-link.read.1.tlog
d:\github\vmodels\x64\debug\vmodels.tlog\lib-link.write.1.tlog
d:\github\vmodels\x64\debug\vmodels.tlog\lib.command.1.tlog
d:\github\vmodels\x64\debug\vmodels_md.tlog\cl.command.1.tlog
d:\github\vmodels\x64\debug\vmodels_md.tlog\microsoft.build.cpptasks.cl.read.1.tlog
d:\github\vmodels\x64\debug\vmodels_md.tlog\microsoft.build.cpptasks.cl.write.1.tlog
