  Scanning sources for module dependencies...
  GridPoint.h
  VoxelArray.h
  glm.cppm
  Compiling...
  glm.cppm
  VoxelArray.h
  GridPoint.h
D:\GitHub\VModels\VoxelArray.h(25,1): warning C4267: 'return': conversion from 'size_t' to 'int', possible loss of data
D:\GitHub\VModels\VoxelArray.h(28,1): warning C4267: 'return': conversion from 'size_t' to 'int', possible loss of data
D:\GitHub\VModels\VoxelArray.h(31,1): warning C4267: 'return': conversion from 'size_t' to 'int', possible loss of data
  Marching.cpp
D:\GitHub\VModels\Marching.cpp(7,34): warning C4267: 'initializing': conversion from 'size_t' to 'int', possible loss of data
D:\GitHub\VModels\Marching.cpp(8,38): warning C4267: 'initializing': conversion from 'size_t' to 'int', possible loss of data
D:\GitHub\VModels\Marching.cpp(9,40): warning C4267: 'initializing': conversion from 'size_t' to 'int', possible loss of data
D:\GitHub\VModels\Marching.cpp(30,33): warning C4244: 'argument': conversion from 'int' to 'float', possible loss of data
D:\GitHub\VModels\Marching.cpp(30,30): warning C4244: 'argument': conversion from 'int' to 'float', possible loss of data
D:\GitHub\VModels\Marching.cpp(30,27): warning C4244: 'argument': conversion from 'int' to 'float', possible loss of data
D:\GitHub\VModels\Marching.cpp(57,33): warning C4244: 'argument': conversion from 'int' to 'float', possible loss of data
D:\GitHub\VModels\Marching.cpp(57,30): warning C4244: 'argument': conversion from 'int' to 'float', possible loss of data
D:\GitHub\VModels\Marching.cpp(57,27): warning C4244: 'argument': conversion from 'int' to 'float', possible loss of data
  MarchingCubes.cpp
D:\GitHub\VModels\MarchingCubes.cpp(38,34): warning C4267: '=': conversion from 'size_t' to 'int', possible loss of data
  Mesh.cpp
D:\GitHub\VModels\Mesh.h(9,3): warning C4091: 'static ': ignored on left of 'marching::Mesh' when no variable is declared
D:\GitHub\VModels\VoxelArray.h(25,1): warning C4267: 'return': conversion from 'size_t' to 'int', possible loss of data
D:\GitHub\VModels\VoxelArray.h(28,1): warning C4267: 'return': conversion from 'size_t' to 'int', possible loss of data
D:\GitHub\VModels\VoxelArray.h(31,1): warning C4267: 'return': conversion from 'size_t' to 'int', possible loss of data
  Model.cpp
  Operations.cpp
D:\GitHub\VModels\Operations.h(19,6): warning C4091: 'static ': ignored on left of 'vmodel::Operations' when no variable is declared
  glm.cpp
  VoxelArray.cpp
D:\GitHub\VModels\VoxelArray.h(25,1): warning C4267: 'return': conversion from 'size_t' to 'int', possible loss of data
D:\GitHub\VModels\VoxelArray.h(28,1): warning C4267: 'return': conversion from 'size_t' to 'int', possible loss of data
D:\GitHub\VModels\VoxelArray.h(31,1): warning C4267: 'return': conversion from 'size_t' to 'int', possible loss of data
  Generating Code...
  VModels.vcxproj -> D:\GitHub\VModels\x64\Debug\VModels.lib
